2023-09-20 17:24:54,616 [INFO] from akka.event.slf4j.Slf4jLogger in application-akka.actor.default-dispatcher-5 - Slf4jLogger started
2023-09-20 17:24:54,629 [INFO] from play.api.http.EnabledFilters in play-dev-mode-akka.actor.default-dispatcher-8 - Enabled Filters (see <https://www.playframework.com/documentation/latest/Filters>):

    play.filters.csrf.CSRFFilter
    play.filters.headers.SecurityHeadersFilter
    play.filters.hosts.AllowedHostsFilter
    filters.ContentSecurityPolicyFilter

2023-09-20 17:24:54,650 [INFO] from play.api.Play in play-dev-mode-akka.actor.default-dispatcher-8 - Application started (Dev) (no global state)
2023-09-20 17:25:00,073 [INFO] from controllers.HomeController in application-akka.actor.default-dispatcher-6 - index: 
2023-09-20 17:25:00,332 [DEBUG] from controllers.HomeController in play-dev-mode-akka.actor.default-dispatcher-11 - Checking the ORIGIN 
2023-09-20 17:25:00,333 [DEBUG] from controllers.HomeController in play-dev-mode-akka.actor.default-dispatcher-11 - originCheck: originValue = http://localhost:8080
2023-09-20 17:26:15,826 [WARN] from play.core.server.common.WebSocketFlowHandler in play-dev-mode-akka.actor.default-dispatcher-8 - WebSocket communication problem: HTTP idle-timeout encountered, no bytes passed in the last 75 seconds. This is configurable by akka.http.[server|client].idle-timeout.
2023-09-20 17:26:15,831 [ERROR] from akka.actor.RepointableActorRef in play-dev-mode-akka.actor.default-dispatcher-35 - Error in stage [akka.stream.scaladsl.MergeHub$$anon$2$$anon$3]: Upstream producer failed with exception, removing from MergeHub now
akka.stream.scaladsl.MergeHub$ProducerFailed: Upstream producer failed with exception, removing from MergeHub now
	at akka.stream.scaladsl.MergeHub$$anon$2$$anon$3.onUpstreamFailure(Hub.scala:352)
	at akka.stream.impl.fusing.GraphInterpreter.processEvent(GraphInterpreter.scala:525)
	at akka.stream.impl.fusing.GraphInterpreter.execute(GraphInterpreter.scala:390)
	at akka.stream.impl.fusing.GraphInterpreterShell.runBatch(ActorGraphInterpreter.scala:650)
	at akka.stream.impl.fusing.GraphInterpreterShell$AsyncInput.execute(ActorGraphInterpreter.scala:521)
	at akka.stream.impl.fusing.GraphInterpreterShell.processEvent(ActorGraphInterpreter.scala:625)
	at akka.stream.impl.fusing.ActorGraphInterpreter.akka$stream$impl$fusing$ActorGraphInterpreter$$processEvent(ActorGraphInterpreter.scala:800)
	at akka.stream.impl.fusing.ActorGraphInterpreter.akka$stream$impl$fusing$ActorGraphInterpreter$$shortCircuitBatch(ActorGraphInterpreter.scala:787)
	at akka.stream.impl.fusing.ActorGraphInterpreter$$anonfun$receive$1.applyOrElse(ActorGraphInterpreter.scala:819)
	at akka.actor.Actor.aroundReceive(Actor.scala:537)
	at akka.actor.Actor.aroundReceive$(Actor.scala:535)
	at akka.stream.impl.fusing.ActorGraphInterpreter.aroundReceive(ActorGraphInterpreter.scala:716)
	at akka.actor.ActorCell.receiveMessage(ActorCell.scala:579)
	at akka.actor.ActorCell.invoke(ActorCell.scala:547)
	at akka.dispatch.Mailbox.processMailbox(Mailbox.scala:270)
	at akka.dispatch.Mailbox.run(Mailbox.scala:231)
	at akka.dispatch.Mailbox.exec(Mailbox.scala:243)
	at java.base/java.util.concurrent.ForkJoinTask.doExec(ForkJoinTask.java:387)
	at java.base/java.util.concurrent.ForkJoinPool$WorkQueue.topLevelExec(ForkJoinPool.java:1312)
	at java.base/java.util.concurrent.ForkJoinPool.scan(ForkJoinPool.java:1843)
	at java.base/java.util.concurrent.ForkJoinPool.runWorker(ForkJoinPool.java:1808)
	at java.base/java.util.concurrent.ForkJoinWorkerThread.run(ForkJoinWorkerThread.java:188)
Caused by: akka.http.impl.engine.HttpIdleTimeoutException: HTTP idle-timeout encountered, no bytes passed in the last 75 seconds. This is configurable by akka.http.[server|client].idle-timeout.
2023-09-20 17:26:40,528 [INFO] from play.api.internal.libs.concurrent.CoordinatedShutdownSupport in pool-5-thread-5 - Starting synchronous coordinated shutdown with ServerStoppedReason reason and 40000 milliseconds timeout
2023-09-20 17:26:40,530 [INFO] from akka.actor.CoordinatedShutdown in play-dev-mode-akka.actor.default-dispatcher-4 - Running CoordinatedShutdown with reason [ServerStoppedReason]
2023-09-20 17:26:40,532 [INFO] from play.core.server.AkkaHttpServer in pool-5-thread-5 - Stopping Akka HTTP server...
2023-09-20 17:26:40,536 [INFO] from play.core.server.AkkaHttpServer in play-dev-mode-akka.actor.internal-dispatcher-21 - Unbinding /[0:0:0:0:0:0:0:0]:8080
2023-09-20 17:26:40,539 [INFO] from play.core.server.AkkaHttpServer in play-dev-mode-akka.actor.internal-dispatcher-21 - Terminating server binding for /[0:0:0:0:0:0:0:0]:8080
2023-09-20 17:26:40,541 [INFO] from akka.actor.CoordinatedShutdown in application-akka.actor.default-dispatcher-8 - Running CoordinatedShutdown with reason [ApplicationStoppedReason]
2023-09-20 17:26:40,557 [INFO] from play.core.server.AkkaHttpServer in play-dev-mode-akka.actor.internal-dispatcher-2 - Running provided shutdown stop hooks
